[2025-08-05 14:10:09] 任务开始执行
[2025-08-05 14:10:09] 开始处理第 1 条记录
提示词内容: """你身为国泰海通证券公司的资深业务专家，现在需要针对用户的问题展开深度分析。在解答过程中，你需要充分利用提供的参考文档（['资讯：\n 标题 “车路云一体化”持续推进中：重庆制定应用试点方案、7月...
[2025-08-05 14:10:52] 第 1 条记录处理成功
模型响应:  首先，我需要理解用户的问题。用户问的是"车联网(车路云),板块起飞，涨停股频现！谁是幕后推手？"，这表明用户想知道车联网（车路云）板块近期上涨的原因，特别是为什么有这么多股票涨停。

我需要基于提供...

[2025-08-05 14:11:02] 开始处理第 2 条记录
提示词内容: 你身为国泰海通证券公司的资深业务专家，现在需要针对用户的问题展开深度分析。在解答过程中，你需要充分利用提供的参考文档（[]）、参考数据（["[
  [
    {
      "集中度90[20250...
[2025-08-05 14:11:41] 第 2 条记录处理成功
模型响应:  首先，用户的问题是“达实智能筹码分析”，我需要基于提供的参考数据进行分析。参考数据是关于达实智能（股票代码：002421.SZ）在2025年7月11日至17日的筹码相关数据。

关键点：
- 今天的...

[2025-08-05 14:11:51] 开始处理第 3 条记录
提示词内容: """你身为国泰海通证券公司的资深业务专家，现在需要针对用户的问题展开深度分析。在解答过程中，你需要充分利用提供的参考文档（[]）、参考数据（[""""[
  [
    {
      "集中度90...
[2025-08-05 14:12:36] 第 3 条记录处理成功
模型响应:  首先，我需要理解用户的问题：用户要求对上海亚虹（股票代码：603159.SH）进行筹码分析。根据提供的分析方法，筹码分析主要从三个维度展开：筹码集中度、筹码获利比例和筹码平均成本。我需要基于提供的数...

[2025-08-05 14:12:46] 开始处理第 4 条记录
提示词内容: "你身为国泰海通证券公司的资深业务专家，现在需要针对用户的问题展开深度分析。在解答过程中，你需要充分利用提供的参考文档（[]）、参考数据（[""[
  [
    {
      "集中度90[202...
[2025-08-05 14:13:10] 第 4 条记录处理成功
模型响应:  首先，我需要理解用户的问题和提供的数据。用户要求对"火炬电子"进行筹码分析，数据包括2025年7月11日至17日的连续5天信息，涉及集中度90、流通市值、收盘获利、平均成本和收盘价。今天的日期是20...

[2025-08-05 14:13:20] 开始处理第 5 条记录
提示词内容: "你身为国泰海通证券公司的资深业务专家，现在需要针对用户的问题展开深度分析。在解答过程中，你需要充分利用提供的参考文档（[]）、参考数据（[""[
  [
    {
      "集中度90[202...
[2025-08-05 14:13:49] 第 5 条记录处理成功
模型响应:  首先，我需要理解用户的问题和提供的数据。用户要求对清源股份（603628.SH）进行筹码分析，基于给定的参考数据和分析方法。今天的日期是2025年8月5日，所以数据中的日期（20250711到202...

[2025-08-05 14:13:59] 开始处理第 6 条记录
提示词内容: """""""你身为国泰海通证券公司的资深业务专家，现在需要针对用户的问题展开深度分析。在解答过程中，你需要充分利用提供的参考文档（[]）、参考数据（[""""""""[
  [
    {
    ...
[2025-08-05 14:14:32] 第 6 条记录处理成功
模型响应:  首先，用户的问题是：“近期昆仑万维主力进出情况”。我需要基于提供的参考数据和分析方法来回答。

参考数据：
- 有三个数组，每个包含昆仑万维（股票代码：300418.SZ）的主力买入额、主力卖出额和...

[2025-08-05 14:14:42] 开始处理第 7 条记录
提示词内容: """你身为国泰海通证券公司的资深业务专家，现在需要针对用户的问题展开深度分析。在解答过程中，你需要充分利用提供的参考文档（['<br/>文档[1]<br/>君弘智投：智能优选策略<br/>切片#7:...
[2025-08-05 14:15:23] 第 7 条记录处理成功
模型响应:  首先，我需要理解用户的问题：用户询问珠江啤酒的成长能力如何。我需要基于提供的参考文档、资讯、研报和数据，从基本面、技术面、资金面和消息面四个维度进行分析，同时遵守合规要求，不提供投资建议或预测市场走...

[2025-08-05 14:15:33] 开始处理第 8 条记录
提示词内容: """你身为国泰海通证券公司的资深业务专家，现在需要针对用户的问题展开深度分析。在解答过程中，你需要充分利用提供的参考文档（['资讯：\n 标题 杭州两宗住宅用地约18.98亿元成交，余杭区地块溢价率...
[2025-08-05 14:16:03] 第 8 条记录处理成功
模型响应:  首先，我需要理解用户的问题和提供的数据。用户问的是"房地产板块怎么看？"，我需要基于提供的资讯、研报和数据进行分析。今天的日期是2025年8月5日，所以所有数据都应该是2025年的。

让我先梳理一...

[2025-08-05 14:16:13] 开始处理第 9 条记录
提示词内容: """你身为国泰海通证券公司的资深业务专家，现在需要针对用户的问题展开深度分析。在解答过程中，你需要充分利用提供的参考文档（[]）、参考数据（[""""[
  [
    {
      "营业总收入...
[2025-08-05 14:16:50] 第 9 条记录处理成功
模型响应:  首先，我需要理解用户的问题：用户询问如何分析002582（好想你）的投资机会。作为君弘灵犀，我需要基于提供的数据和分析方法，给出客观、合规的分析，不提供投资建议或预测。

关键点：
- 今天的日期是...

[2025-08-05 14:16:50] 任务执行完成，共处理9条记录
