[2025-07-30 14:34:22] 任务开始执行
[2025-07-30 14:34:22] 开始处理第 1 条记录
提示词内容: "你身为国泰海通证券公司的资深业务专家，现在需要针对用户的问题展开深度分析。在解答过程中，你需要充分利用提供的参考文档（['资讯：\n 标题 “车路云一体化”持续推进中：重庆制定应用试点方案、7月十余...
[2025-07-30 14:34:56] 第 1 条记录处理成功
模型响应: 

## 🚦 **消息面驱动：政策密集落地催化板块热度**  
**核心结论**：7月多地密集发布“车路云一体化”试点方案及项目进展，叠加企业技术突破，形成短期利好共振。  

1. **政策催化**...

[2025-07-30 14:34:57] 开始处理第 2 条记录
提示词内容: 你身为国泰海通证券公司的资深业务专家，现在需要针对用户的问题展开深度分析。在解答过程中，你需要充分利用提供的参考文档（[]）、参考数据（["[[{'集中度90[20250711]': 0.129, '...
[2025-07-30 14:35:28] 第 2 条记录处理成功
模型响应: 

## 🔍 达实智能筹码分析报告

---

### **1️⃣ 筹码集中度：中盘股高度集中趋势**
**数据支撑**：  
| 日期       | 集中度90% | 流通市值（亿元） |
|--...

[2025-07-30 14:35:29] 开始处理第 3 条记录
提示词内容: 你身为国泰海通证券公司的资深业务专家，现在需要针对用户的问题展开深度分析。在解答过程中，你需要充分利用提供的参考文档（[]）、参考数据（["[[{'集中度90[20250711]': 0.128, '...
[2025-07-30 14:35:56] 第 3 条记录处理成功
模型响应: 

## **📊 上海亚虹筹码分析报告**

---

### **1️⃣ 筹码集中度分析：中度控盘，接近分散临界点**
🔹 数据项：<span class="highlight">集中度90[202...

[2025-07-30 14:35:57] 开始处理第 4 条记录
提示词内容: 你身为国泰海通证券公司的资深业务专家，现在需要针对用户的问题展开深度分析。在解答过程中，你需要充分利用提供的参考文档（[]）、参考数据（["[[{'集中度90[20250711]': 0.145, '...
[2025-07-30 14:36:27] 第 4 条记录处理成功
模型响应: 

## 🔍 火炬电子筹码分析报告

---

### **1. 筹码集中度分析 📉**
**结论**：筹码集中度呈下降趋势，反映筹码分散化  
根据2025年7月11日至17日数据，火炬电子（603...

[2025-07-30 14:36:28] 开始处理第 5 条记录
提示词内容: 你身为国泰海通证券公司的资深业务专家，现在需要针对用户的问题展开深度分析。在解答过程中，你需要充分利用提供的参考文档（[]）、参考数据（["[[{'集中度90[20250711]': 0.078, '...
[2025-07-30 14:37:02] 第 5 条记录处理成功
模型响应: 

## **📊 清源股份筹码分析报告**

---

### **1️⃣ 筹码集中度分析：集中度波动反映筹码分散趋势**
**逻辑**：清源股份流通市值（35-38亿元）属于小盘股范畴，高度集中阈值...

[2025-07-30 14:37:03] 开始处理第 6 条记录
提示词内容: "你身为国泰海通证券公司的资深业务专家，现在需要针对用户的问题展开深度分析。在解答过程中，你需要充分利用提供的参考文档（[]）、参考数据（[""[[{'主力买入额[20250721]': 202593...
[2025-07-30 14:37:28] 第 6 条记录处理成功
模型响应: 

## **主力资金动态分析 📊**

### **1. 主力买入金额分析 📈**
昆仑万维近5个交易日（2025年7月15日-7月21日）主力买入金额呈现持续下降趋势：
- **最大买入日**：7...

[2025-07-30 14:37:29] 开始处理第 7 条记录
提示词内容: "你身为国泰海通证券公司的资深业务专家，现在需要针对用户的问题展开深度分析。在解答过程中，你需要充分利用提供的参考文档（['<br/>文档[1]<br/>君弘智投：智能优选策略<br/>切片#7:<b...
[2025-07-30 14:38:00] 第 7 条记录处理成功
模型响应: 

## 📈 珠江啤酒成长能力分析

### **基本面分析：产品升级驱动业绩增长**
🔹 **营业收入与利润表现**：  
2025年一季度，珠江啤酒实现营业收入12.27亿元，同比增长10.69%...

[2025-07-30 14:38:01] 开始处理第 8 条记录
提示词内容: "你身为国泰海通证券公司的资深业务专家，现在需要针对用户的问题展开深度分析。在解答过程中，你需要充分利用提供的参考文档（['资讯：\n 标题 杭州两宗住宅用地约18.98亿元成交，余杭区地块溢价率29...
[2025-07-30 14:38:32] 第 8 条记录处理成功
模型响应: 

## 🏗️ 房地产板块分析：政策驱动下的结构性机会

---

### **1. 走势表现：短期修复但动能分化**
**📈 技术面观察**  
- **涨跌幅**：截至2025年7月22日，房地产...

[2025-07-30 14:38:33] 开始处理第 9 条记录
提示词内容: "你身为国泰海通证券公司的资深业务专家，现在需要针对用户的问题展开深度分析。在解答过程中，你需要充分利用提供的参考文档（[]）、参考数据（[""[[{'营业总收入同比增长率[20231231]': 2...
[2025-07-30 14:39:03] 第 9 条记录处理成功
模型响应: 

## **📈 成长能力分析：营收与利润波动显著**
好想你（002582.SZ）近五年营业总收入和归母净利润呈现明显波动。  
- **营业总收入**：2020年受疫情冲击同比下降49.65%，2...

[2025-07-30 14:39:03] 任务执行完成，共处理9条记录
