[2025-07-28 15:26:40] 任务开始执行
[2025-07-28 15:26:40] 开始处理第 1 条记录
提示词内容: 601212这支股票给我详细介绍下 怎么样...
[2025-07-28 15:27:08] 第 1 条记录处理成功
模型响应: 关于股票代码601212（白银有色）的详细分析如下，供参考：

---

### **公司基本信息**
- **股票代码**：601212（上海证券交易所）
- **公司名称**：白银有色集团股份有限...

[2025-07-28 15:27:09] 开始处理第 2 条记录
提示词内容: 珠江啤酒成长能力如何 怎么样...
[2025-07-28 15:27:29] 第 2 条记录处理成功
模型响应: 珠江啤酒（002461.SZ）作为华南地区主要的啤酒企业之一，近年来在行业竞争加剧和消费升级的背景下，其成长能力呈现以下特点：

---

### **一、核心成长指标分析（基于近年财报数据）**
1...

[2025-07-28 15:27:30] 开始处理第 3 条记录
提示词内容: 房地产板块怎么看？ 怎么样...
[2025-07-28 15:27:48] 第 3 条记录处理成功
模型响应: 房地产板块当前处于复杂调整期，需从政策、市场分化及长期趋势多维度分析：

### 一、政策环境：双向调节深化
1. **核心政策**：中央重申"房住不炒"，但2023年Q3起重点城市逐步放宽限购（如南...

[2025-07-28 15:27:48] 任务执行完成，共处理3条记录
