[2025-07-28 16:14:18] 任务开始执行
[2025-07-28 16:14:18] 开始处理第 1 条记录
提示词内容: 重复601212这支股票给我详细介绍下...
[2025-07-28 16:14:49] 第 1 条记录处理成功
模型响应: 以下是关于北方稀土（股票代码：601212）的详细介绍，基于公开信息整理：

---

### **一、公司概况**
- **公司全称**：中国北方稀土（集团）高科技股份有限公司  
- **成立时间...

[2025-07-28 16:14:50] 开始处理第 2 条记录
提示词内容: 重复珠江啤酒成长能力如何...
[2025-07-28 16:15:24] 第 2 条记录处理成功
模型响应: 珠江啤酒的成长能力可以从以下几个关键方面进行分析，结合行业趋势和公司动态综合评估：

### 1. **财务表现**
   - **营收增长**：近年来，珠江啤酒营收保持稳定，但增速受行业竞争及消费升...

[2025-07-28 16:15:25] 开始处理第 3 条记录
提示词内容: 重复房地产板块怎么看？...
[2025-07-28 16:15:46] 第 3 条记录处理成功
模型响应: 房地产板块当前处于复杂调整期，需从政策、市场分化、金融环境、行业转型四个维度综合分析。以下为具体拆解：

**一、政策底已现，但传导仍需时间**
1. 2023年Q4以来"三支箭"政策组合拳持续加码，...

[2025-07-28 16:15:46] 任务执行完成，共处理3条记录
