[2025-07-28 15:38:59] 任务开始执行
[2025-07-28 15:38:59] 开始处理第 1 条记录
提示词内容: 重复601212这支股票给我详细介绍下...
[2025-07-28 15:39:23] 第 1 条记录处理成功
模型响应: 以下是关于北方稀土（股票代码：601212）的详细介绍，基于公开信息整理，供参考：

---

### **一、公司概况**
- **公司名称**：中国北方稀土（集团）高科技股份有限公司  
- **...

[2025-07-28 15:39:24] 开始处理第 2 条记录
提示词内容: 重复珠江啤酒成长能力如何...
[2025-07-28 15:39:45] 第 2 条记录处理成功
模型响应: 珠江啤酒的成长能力可以从以下几个关键方面进行分析，结合财务数据和市场动态综合评估：

### 1. **财务表现**
   - **营收增长**：近年营收呈现波动但整体趋稳。2022年营收约49.28...

[2025-07-28 15:39:46] 开始处理第 3 条记录
提示词内容: 重复房地产板块怎么看？...
[2025-07-28 15:40:05] 第 3 条记录处理成功
模型响应: 房地产板块的走势和投资价值需要结合当前政策环境、市场供需、金融支持、行业风险等多方面综合分析。以下是我的观点，供参考：

---

### **1. 政策环境：短期托底，长期转型**
- **政策宽松...

[2025-07-28 15:40:05] 任务执行完成，共处理3条记录
