[2025-07-28 16:17:58] 任务开始执行
[2025-07-28 16:17:58] 开始处理第 1 条记录
提示词内容: 重复601212这支股票给我详细介绍下...
[2025-07-28 16:18:20] 第 1 条记录处理成功
模型响应: 以下是关于北方稀土（股票代码：**601212**）的详细介绍，基于公开信息整理：

---

### **一、公司概况**
- **公司全称**：中国北方稀土（集团）高科技股份有限公司  
- **...

[2025-07-28 16:18:21] 开始处理第 2 条记录
提示词内容: 重复珠江啤酒成长能力如何...
[2025-07-28 16:18:41] 第 2 条记录处理成功
模型响应: 珠江啤酒的成长能力可以从财务数据、行业地位、市场策略等多个维度进行分析。以下是一些关键点供参考：

### 1. **财务表现（以近年数据为例）**
   - **营收增长**：珠江啤酒近年营收总体保...

[2025-07-28 16:18:42] 开始处理第 3 条记录
提示词内容: 重复房地产板块怎么看？...
[2025-07-28 16:18:58] 第 3 条记录处理成功
模型响应: 关于房地产板块的当前走势和未来展望，可以从以下几个角度综合分析：

---

### **1. 政策环境：短期刺激与长期转型**
- **政策支持**：近期多地放松限购、降低首付比例、房贷利率下调等政...

[2025-07-28 16:18:58] 任务执行完成，共处理3条记录
