[2025-07-28 15:21:33] 任务开始执行
[2025-07-28 15:21:33] 开始处理第 1 条记录
提示词内容: 601212这支股票给我详细介绍下 好不好...
[2025-07-28 15:21:55] 第 1 条记录处理成功
模型响应: 关于股票代码601212（白银有色），以下是详细介绍和分析，供您参考：

---

### **公司基本信息**
- **公司名称**：白银有色集团股份有限公司
- **成立时间**：1954年（20...

[2025-07-28 15:21:56] 开始处理第 2 条记录
提示词内容: 珠江啤酒成长能力如何 好不好...
[2025-07-28 15:22:25] 第 2 条记录处理成功
模型响应: 珠江啤酒（002461.SZ）作为华南地区重要的啤酒企业，其成长能力可从以下几个关键维度分析：

---

### **1. 财务表现：稳中有进，但增速平缓**
- **营收增长**：近年营收增速保持...

[2025-07-28 15:22:26] 开始处理第 3 条记录
提示词内容: 房地产板块怎么看？ 好不好...
[2025-07-28 15:22:56] 第 3 条记录处理成功
模型响应: 房地产板块的分析需要综合考虑政策、经济环境、行业基本面及市场情绪等多重因素。以下从不同维度为你解读：

---

### **一、政策环境：短期松绑与长期转型**
1. **政策松绑**（短期利好） ...

[2025-07-28 15:22:56] 任务执行完成，共处理3条记录
