[2025-07-28 16:38:54] 任务开始执行
[2025-07-28 16:38:54] 开始处理第 1 条记录
提示词内容: 重复601212这支股票给我详细介绍下...
[2025-07-28 16:39:17] 第 1 条记录处理成功
模型响应: 关于股票代码**601212（北方稀土）**，以下是详细介绍和分析：

---

### **一、公司基本信息**
- **公司名称**：中国北方稀土（集团）高科技股份有限公司  
- **所属行业*...

[2025-07-28 16:39:18] 开始处理第 2 条记录
提示词内容: 重复珠江啤酒成长能力如何...
[2025-07-28 16:39:39] 第 2 条记录处理成功
模型响应: 珠江啤酒（002461.SZ）的成长能力可以从财务数据、行业地位及战略布局等方面综合分析，以下为关键点总结：

---

### **一、财务表现（近3年趋势）**
1. **营收增长**  
   ...

[2025-07-28 16:39:40] 开始处理第 3 条记录
提示词内容: 重复房地产板块怎么看？...
[2025-07-28 16:39:55] 第 3 条记录处理成功
模型响应: 关于房地产板块的现状和未来趋势，可以从以下几个关键角度进行分析，为投资者提供参考：

**一、政策环境新动向**
1. 近期政策工具箱持续开启（2023Q4更新）
- 一线城市"认房不认贷"全面落地，...

[2025-07-28 16:39:55] 任务执行完成，共处理3条记录
