[2025-07-28 15:42:46] 任务开始执行
[2025-07-28 15:42:46] 开始处理第 1 条记录
提示词内容: 重复601212这支股票给我详细介绍下...
[2025-07-28 15:43:06] 第 1 条记录处理成功
模型响应: 关于白银有色（股票代码：601212）的详细介绍如下，供您参考：

---

### **公司概况**
- **公司名称**：白银有色集团股份有限公司  
- **成立时间**：1954年（中国“一五...

[2025-07-28 15:43:07] 开始处理第 2 条记录
提示词内容: 重复珠江啤酒成长能力如何...
[2025-07-28 15:43:34] 第 2 条记录处理成功
模型响应: 珠江啤酒的成长能力可以从以下几个关键方面进行分析，结合行业趋势和公司动态综合评估：

### 1. **财务指标表现**
   - **营收与净利润增长**：查阅近年财报，关注营业收入和净利润的同比增...

[2025-07-28 15:43:35] 开始处理第 3 条记录
提示词内容: 重复房地产板块怎么看？...
[2025-07-28 15:44:02] 第 3 条记录处理成功
模型响应: 房地产板块的分析需要结合政策、经济环境、行业周期及市场供需等多维度因素。以下为当前阶段的综合分析框架：

### 一、政策导向
1. **调控基调**：2023年中央经济工作会议重申"房住不炒"，但多...

[2025-07-28 15:44:02] 任务执行完成，共处理3条记录
