[2025-07-28 14:18:19] 任务开始执行
[2025-07-28 14:18:19] 开始处理第 1 条记录
提示词内容: 回复只要重复 601212这支股票给我详细介绍下...
[2025-07-28 14:18:46] 第 1 条记录处理成功
模型响应: 关于股票代码 **601212（白银有色）** 的基本信息如下，供您参考：

---

### **公司概况**
- **公司名称**：白银有色集团股份有限公司  
- **成立时间**：2008年（...

[2025-07-28 14:18:47] 开始处理第 2 条记录
提示词内容: 回复只要重复 珠江啤酒成长能力如何...
[2025-07-28 14:19:06] 第 2 条记录处理成功
模型响应: 珠江啤酒的成长能力可以从以下几个关键维度进行分析，结合最新数据和行业趋势，供您参考：

### 1. **财务增长表现**
   - **营收增长**：2023年前三季度，珠江啤酒营收约45.5亿元，...

[2025-07-28 14:19:07] 开始处理第 3 条记录
提示词内容: 回复只要重复 房地产板块怎么看？...
[2025-07-28 14:19:27] 第 3 条记录处理成功
模型响应: 房地产板块的分析需要综合考虑政策、市场供需、经济环境及行业趋势等多方面因素。以下为关键点梳理：

### 一、**政策导向**
1. **调控政策**：近期是否有松绑（如限购放宽、利率下调）或收紧（如...

[2025-07-28 14:19:27] 任务执行完成，共处理3条记录
