[2025-07-28 16:29:47] 任务开始执行
[2025-07-28 16:29:47] 开始处理第 1 条记录
提示词内容: 重复601212这支股票给我详细介绍下...
[2025-07-28 16:30:20] 第 1 条记录处理成功
模型响应: 关于股票代码**601212**（中国北方稀土（集团）高科技股份有限公司），以下是详细信息整理：

---

### **公司概况**
- **全称**：中国北方稀土（集团）高科技股份有限公司  
-...

[2025-07-28 16:30:21] 开始处理第 2 条记录
提示词内容: 重复珠江啤酒成长能力如何...
[2025-07-28 16:30:48] 第 2 条记录处理成功
模型响应: 珠江啤酒的成长能力可以从以下几个关键方面进行分析，结合行业趋势和公司动态综合评估：

### 1. **财务指标表现**
   - **营收与净利润增长**：近年来，珠江啤酒通过产品结构优化（如高端化...

[2025-07-28 16:30:49] 开始处理第 3 条记录
提示词内容: 重复房地产板块怎么看？...
[2025-07-28 16:31:09] 第 3 条记录处理成功
模型响应: 房地产板块的分析需要结合政策环境、市场供需、企业基本面等多重因素，以下为当前视角下的关键要点：

---

### **1. 政策风向：松紧交替，边际改善**
- **政策底已现**：2023年以来，...

[2025-07-28 16:31:09] 任务执行完成，共处理3条记录
